<?xml version="1.0" encoding="UTF-8"?>
<testsuite name="com.irdeto.rrm.ls.HystrixDashboardApplicationTests" tests="1" skipped="0" failures="0" errors="0" timestamp="2016-09-14T10:12:46" hostname="ekho" time="0.012">
  <properties/>
  <testcase name="contextLoads" classname="com.irdeto.rrm.ls.HystrixDashboardApplicationTests" time="0.012"/>
  <system-out><![CDATA[12:12:42.978 [Test worker] DEBUG org.springframework.test.context.junit4.SpringJUnit4ClassRunner - SpringJUnit4ClassRunner constructor called with [class com.irdeto.rrm.ls.HystrixDashboardApplicationTests]
12:12:42.981 [Test worker] DEBUG org.springframework.test.context.BootstrapUtils - Instantiating CacheAwareContextLoaderDelegate from class [org.springframework.test.context.cache.DefaultCacheAwareContextLoaderDelegate]
12:12:42.986 [Test worker] DEBUG org.springframework.test.context.BootstrapUtils - Instantiating BootstrapContext using constructor [public org.springframework.test.context.support.DefaultBootstrapContext(java.lang.Class,org.springframework.test.context.CacheAwareContextLoaderDelegate)]
12:12:42.997 [Test worker] DEBUG org.springframework.test.context.BootstrapUtils - Instantiating TestContextBootstrapper for test class [com.irdeto.rrm.ls.HystrixDashboardApplicationTests] from class [org.springframework.boot.test.context.SpringBootTestContextBootstrapper]
12:12:43.004 [Test worker] INFO org.springframework.boot.test.context.SpringBootTestContextBootstrapper - Neither @ContextConfiguration nor @ContextHierarchy found for test class [com.irdeto.rrm.ls.HystrixDashboardApplicationTests], using SpringBootContextLoader
12:12:43.007 [Test worker] DEBUG org.springframework.test.context.support.AbstractContextLoader - Did not detect default resource location for test class [com.irdeto.rrm.ls.HystrixDashboardApplicationTests]: class path resource [com/irdeto/rrm/ls/HystrixDashboardApplicationTests-context.xml] does not exist
12:12:43.007 [Test worker] DEBUG org.springframework.test.context.support.AbstractContextLoader - Did not detect default resource location for test class [com.irdeto.rrm.ls.HystrixDashboardApplicationTests]: class path resource [com/irdeto/rrm/ls/HystrixDashboardApplicationTestsContext.groovy] does not exist
12:12:43.007 [Test worker] INFO org.springframework.test.context.support.AbstractContextLoader - Could not detect default resource locations for test class [com.irdeto.rrm.ls.HystrixDashboardApplicationTests]: no resource found for suffixes {-context.xml, Context.groovy}.
12:12:43.008 [Test worker] INFO org.springframework.test.context.support.AnnotationConfigContextLoaderUtils - Could not detect default configuration classes for test class [com.irdeto.rrm.ls.HystrixDashboardApplicationTests]: HystrixDashboardApplicationTests does not declare any static, non-private, non-final, nested classes annotated with @Configuration.
12:12:43.028 [Test worker] DEBUG org.springframework.test.context.support.ActiveProfilesUtils - Could not find an 'annotation declaring class' for annotation type [org.springframework.test.context.ActiveProfiles] and class [com.irdeto.rrm.ls.HystrixDashboardApplicationTests]
12:12:43.054 [Test worker] DEBUG org.springframework.core.env.StandardEnvironment - Adding [systemProperties] PropertySource with lowest search precedence
12:12:43.055 [Test worker] DEBUG org.springframework.core.env.StandardEnvironment - Adding [systemEnvironment] PropertySource with lowest search precedence
12:12:43.055 [Test worker] DEBUG org.springframework.core.env.StandardEnvironment - Initialized StandardEnvironment with PropertySources [systemProperties,systemEnvironment]
12:12:43.061 [Test worker] DEBUG org.springframework.core.io.support.PathMatchingResourcePatternResolver - Resolved classpath location [com/irdeto/rrm/ls/] to resources [URL [file:/home/ekho/development/git/hystrix-dashboard/build/classes/test/com/irdeto/rrm/ls/], URL [file:/home/ekho/development/git/hystrix-dashboard/build/classes/main/com/irdeto/rrm/ls/]]
12:12:43.062 [Test worker] DEBUG org.springframework.core.io.support.PathMatchingResourcePatternResolver - Looking for matching resources in directory tree [/home/ekho/development/git/hystrix-dashboard/build/classes/test/com/irdeto/rrm/ls]
12:12:43.062 [Test worker] DEBUG org.springframework.core.io.support.PathMatchingResourcePatternResolver - Searching directory [/home/ekho/development/git/hystrix-dashboard/build/classes/test/com/irdeto/rrm/ls] for files matching pattern [/home/ekho/development/git/hystrix-dashboard/build/classes/test/com/irdeto/rrm/ls/*.class]
12:12:43.064 [Test worker] DEBUG org.springframework.core.io.support.PathMatchingResourcePatternResolver - Looking for matching resources in directory tree [/home/ekho/development/git/hystrix-dashboard/build/classes/main/com/irdeto/rrm/ls]
12:12:43.064 [Test worker] DEBUG org.springframework.core.io.support.PathMatchingResourcePatternResolver - Searching directory [/home/ekho/development/git/hystrix-dashboard/build/classes/main/com/irdeto/rrm/ls] for files matching pattern [/home/ekho/development/git/hystrix-dashboard/build/classes/main/com/irdeto/rrm/ls/*.class]
12:12:43.065 [Test worker] DEBUG org.springframework.core.io.support.PathMatchingResourcePatternResolver - Resolved location pattern [classpath*:com/irdeto/rrm/ls/*.class] to resources [file [/home/ekho/development/git/hystrix-dashboard/build/classes/test/com/irdeto/rrm/ls/HystrixDashboardApplicationTests.class], file [/home/ekho/development/git/hystrix-dashboard/build/classes/main/com/irdeto/rrm/ls/HystrixDashboardApplication.class]]
12:12:43.095 [Test worker] DEBUG org.springframework.context.annotation.ClassPathScanningCandidateComponentProvider - Identified candidate component class: file [/home/ekho/development/git/hystrix-dashboard/build/classes/main/com/irdeto/rrm/ls/HystrixDashboardApplication.class]
12:12:43.095 [Test worker] INFO org.springframework.boot.test.context.SpringBootTestContextBootstrapper - Found @SpringBootConfiguration com.irdeto.rrm.ls.HystrixDashboardApplication for test class com.irdeto.rrm.ls.HystrixDashboardApplicationTests
12:12:43.097 [Test worker] DEBUG org.springframework.boot.test.context.SpringBootTestContextBootstrapper - @TestExecutionListeners is not present for class [com.irdeto.rrm.ls.HystrixDashboardApplicationTests]: using defaults.
12:12:43.100 [Test worker] INFO org.springframework.boot.test.context.SpringBootTestContextBootstrapper - Loaded default TestExecutionListener class names from location [META-INF/spring.factories]: [org.springframework.boot.test.mock.mockito.MockitoTestExecutionListener, org.springframework.boot.test.mock.mockito.ResetMocksTestExecutionListener, org.springframework.boot.test.autoconfigure.AutoConfigureReportTestExecutionListener, org.springframework.boot.test.autoconfigure.restdocs.RestDocsTestExecutionListener, org.springframework.boot.test.autoconfigure.web.client.MockRestServiceServerResetTestExecutionListener, org.springframework.test.context.web.ServletTestExecutionListener, org.springframework.test.context.support.DirtiesContextBeforeModesTestExecutionListener, org.springframework.test.context.support.DependencyInjectionTestExecutionListener, org.springframework.test.context.support.DirtiesContextTestExecutionListener, org.springframework.test.context.transaction.TransactionalTestExecutionListener, org.springframework.test.context.jdbc.SqlScriptsTestExecutionListener]
12:12:43.106 [Test worker] INFO org.springframework.boot.test.context.SpringBootTestContextBootstrapper - Could not instantiate TestExecutionListener [org.springframework.test.context.transaction.TransactionalTestExecutionListener]. Specify custom listener classes or make the default listener classes (and their required dependencies) available. Offending class: [org/springframework/transaction/TransactionDefinition]
12:12:43.106 [Test worker] INFO org.springframework.boot.test.context.SpringBootTestContextBootstrapper - Could not instantiate TestExecutionListener [org.springframework.test.context.jdbc.SqlScriptsTestExecutionListener]. Specify custom listener classes or make the default listener classes (and their required dependencies) available. Offending class: [org/springframework/transaction/interceptor/TransactionAttribute]
12:12:43.107 [Test worker] INFO org.springframework.boot.test.context.SpringBootTestContextBootstrapper - Using TestExecutionListeners: [org.springframework.test.context.web.ServletTestExecutionListener@46c8e813, org.springframework.test.context.support.DirtiesContextBeforeModesTestExecutionListener@1b8842fc, org.springframework.boot.test.autoconfigure.AutoConfigureReportTestExecutionListener@479d6505, org.springframework.test.context.support.DependencyInjectionTestExecutionListener@1f302b74, org.springframework.test.context.support.DirtiesContextTestExecutionListener@1e39c0f1, org.springframework.boot.test.mock.mockito.MockitoTestExecutionListener@47fffe68, org.springframework.boot.test.mock.mockito.ResetMocksTestExecutionListener@6b660edf, org.springframework.boot.test.autoconfigure.web.client.MockRestServiceServerResetTestExecutionListener@7513e34c, org.springframework.boot.test.autoconfigure.restdocs.RestDocsTestExecutionListener@25fd9b57]
12:12:43.108 [Test worker] DEBUG org.springframework.test.annotation.ProfileValueUtils - Retrieved @ProfileValueSourceConfiguration [null] for test class [com.irdeto.rrm.ls.HystrixDashboardApplicationTests]
12:12:43.109 [Test worker] DEBUG org.springframework.test.annotation.ProfileValueUtils - Retrieved ProfileValueSource type [class org.springframework.test.annotation.SystemProfileValueSource] for class [com.irdeto.rrm.ls.HystrixDashboardApplicationTests]
12:12:43.109 [Test worker] DEBUG org.springframework.test.annotation.ProfileValueUtils - Retrieved @ProfileValueSourceConfiguration [null] for test class [com.irdeto.rrm.ls.HystrixDashboardApplicationTests]
12:12:43.109 [Test worker] DEBUG org.springframework.test.annotation.ProfileValueUtils - Retrieved ProfileValueSource type [class org.springframework.test.annotation.SystemProfileValueSource] for class [com.irdeto.rrm.ls.HystrixDashboardApplicationTests]
12:12:43.112 [Test worker] DEBUG org.springframework.test.context.support.AbstractDirtiesContextTestExecutionListener - Before test class: context [DefaultTestContext@26626dba testClass = HystrixDashboardApplicationTests, testInstance = [null], testMethod = [null], testException = [null], mergedContextConfiguration = [WebMergedContextConfiguration@6ee7e9c testClass = HystrixDashboardApplicationTests, locations = '{}', classes = '{class com.irdeto.rrm.ls.HystrixDashboardApplication}', contextInitializerClasses = '[]', activeProfiles = '{}', propertySourceLocations = '{}', propertySourceProperties = '{org.springframework.boot.test.context.SpringBootTestContextBootstrapper=true}', contextCustomizers = set[org.springframework.boot.test.context.SpringBootTestContextCustomizer@6f20c992, org.springframework.boot.test.context.filter.ExcludeFilterContextCustomizer@46204d6a, org.springframework.boot.test.mock.mockito.MockitoContextCustomizer@0, org.springframework.boot.test.autoconfigure.properties.PropertyMappingContextCustomizer@0], resourceBasePath = 'src/main/webapp', contextLoader = 'org.springframework.boot.test.context.SpringBootContextLoader', parent = [null]]], class annotated with @DirtiesContext [false] with mode [null].
12:12:43.112 [Test worker] DEBUG org.springframework.test.annotation.ProfileValueUtils - Retrieved @ProfileValueSourceConfiguration [null] for test class [com.irdeto.rrm.ls.HystrixDashboardApplicationTests]
12:12:43.113 [Test worker] DEBUG org.springframework.test.annotation.ProfileValueUtils - Retrieved ProfileValueSource type [class org.springframework.test.annotation.SystemProfileValueSource] for class [com.irdeto.rrm.ls.HystrixDashboardApplicationTests]
12:12:43.133 [Test worker] DEBUG org.springframework.core.env.StandardEnvironment - Adding [systemProperties] PropertySource with lowest search precedence
12:12:43.133 [Test worker] DEBUG org.springframework.core.env.StandardEnvironment - Adding [systemEnvironment] PropertySource with lowest search precedence
12:12:43.134 [Test worker] DEBUG org.springframework.core.env.StandardEnvironment - Initialized StandardEnvironment with PropertySources [systemProperties,systemEnvironment]
12:12:43.134 [Test worker] DEBUG org.springframework.test.context.support.TestPropertySourceUtils - Adding inlined properties to environment: {spring.jmx.enabled=false, org.springframework.boot.test.context.SpringBootTestContextBootstrapper=true, server.port=-1}
12:12:43.134 [Test worker] DEBUG org.springframework.core.env.StandardEnvironment - Adding [Inlined Test Properties] PropertySource with highest search precedence
2016-09-14 12:12:43.509  INFO 16801 --- [    Test worker] s.c.a.AnnotationConfigApplicationContext : Refreshing org.springframework.context.annotation.AnnotationConfigApplicationContext@2042763e: startup date [Wed Sep 14 12:12:43 CEST 2016]; root of context hierarchy
2016-09-14 12:12:43.681  INFO 16801 --- [    Test worker] f.a.AutowiredAnnotationBeanPostProcessor : JSR-330 'javax.inject.Inject' annotation found and supported for autowiring
2016-09-14 12:12:43.697  INFO 16801 --- [    Test worker] trationDelegate$BeanPostProcessorChecker : Bean 'configurationPropertiesRebinderAutoConfiguration' of type [class org.springframework.cloud.autoconfigure.ConfigurationPropertiesRebinderAutoConfiguration$$EnhancerBySpringCGLIB$$e677b95] is not eligible for getting processed by all BeanPostProcessors (for example: not eligible for auto-proxying)

  .   ____          _            __ _ _
 /\\ / ___'_ __ _ _(_)_ __  __ _ \ \ \ \
( ( )\___ | '_ | '_| | '_ \/ _` | \ \ \ \
 \\/  ___)| |_)| | | | | || (_| |  ) ) ) )
  '  |____| .__|_| |_|_| |_\__, | / / / /
 =========|_|==============|___/=/_/_/_/
 :: Spring Boot ::        (v1.4.0.RELEASE)

2016-09-14 12:12:43.859  INFO 16801 --- [    Test worker] c.c.c.ConfigServicePropertySourceLocator : Fetching config from server at: http://localhost:8888
2016-09-14 12:12:43.965  INFO 16801 --- [    Test worker] c.c.c.ConfigServicePropertySourceLocator : Located environment: name=hystrix-dashboard, profiles=[default], label=master, version=2694d268531fa0c28dc661dc65cf5397ca205d5f
2016-09-14 12:12:43.965  INFO 16801 --- [    Test worker] b.c.PropertySourceBootstrapConfiguration : Located property source: CompositePropertySource [name='configService', propertySources=[MapPropertySource [name='/home/ekho/development/git/microservices-config/hystrix-dashboard.properties']]]
2016-09-14 12:12:43.974  INFO 16801 --- [    Test worker] c.i.r.l.HystrixDashboardApplicationTests : No active profile set, falling back to default profiles: default
2016-09-14 12:12:43.979  INFO 16801 --- [    Test worker] o.s.w.c.s.GenericWebApplicationContext   : Refreshing org.springframework.web.context.support.GenericWebApplicationContext@69a3146: startup date [Wed Sep 14 12:12:43 CEST 2016]; parent: org.springframework.context.annotation.AnnotationConfigApplicationContext@2042763e
2016-09-14 12:12:44.447  INFO 16801 --- [    Test worker] o.s.b.f.s.DefaultListableBeanFactory     : Overriding bean definition for bean 'managementServletContext' with a different definition: replacing [Root bean: class [null]; scope=; abstract=false; lazyInit=false; autowireMode=3; dependencyCheck=0; autowireCandidate=true; primary=false; factoryBeanName=org.springframework.boot.actuate.autoconfigure.EndpointWebMvcHypermediaManagementContextConfiguration; factoryMethodName=managementServletContext; initMethodName=null; destroyMethodName=(inferred); defined in class path resource [org/springframework/boot/actuate/autoconfigure/EndpointWebMvcHypermediaManagementContextConfiguration.class]] with [Root bean: class [null]; scope=; abstract=false; lazyInit=false; autowireMode=3; dependencyCheck=0; autowireCandidate=true; primary=false; factoryBeanName=org.springframework.boot.actuate.autoconfigure.EndpointWebMvcAutoConfiguration; factoryMethodName=managementServletContext; initMethodName=null; destroyMethodName=(inferred); defined in class path resource [org/springframework/boot/actuate/autoconfigure/EndpointWebMvcAutoConfiguration.class]]
2016-09-14 12:12:44.497  WARN 16801 --- [    Test worker] o.s.c.a.ConfigurationClassPostProcessor  : Cannot enhance @Configuration bean definition 'refreshScope' since its singleton instance has been created too early. The typical cause is a non-static @Bean method with a BeanDefinitionRegistryPostProcessor return type: Consider declaring such methods as 'static'.
2016-09-14 12:12:44.601  INFO 16801 --- [    Test worker] o.s.cloud.context.scope.GenericScope     : BeanFactory id=51eb5912-234f-3bae-b861-b51a5aa280b8
2016-09-14 12:12:44.635  INFO 16801 --- [    Test worker] f.a.AutowiredAnnotationBeanPostProcessor : JSR-330 'javax.inject.Inject' annotation found and supported for autowiring
2016-09-14 12:12:44.666  INFO 16801 --- [    Test worker] trationDelegate$BeanPostProcessorChecker : Bean 'org.springframework.cloud.autoconfigure.ConfigurationPropertiesRebinderAutoConfiguration' of type [class org.springframework.cloud.autoconfigure.ConfigurationPropertiesRebinderAutoConfiguration$$EnhancerBySpringCGLIB$$e677b95] is not eligible for getting processed by all BeanPostProcessors (for example: not eligible for auto-proxying)
2016-09-14 12:12:44.752  INFO 16801 --- [    Test worker] o.s.ui.freemarker.SpringTemplateLoader   : SpringTemplateLoader for FreeMarker: using resource loader [org.springframework.web.context.support.GenericWebApplicationContext@69a3146: startup date [Wed Sep 14 12:12:43 CEST 2016]; parent: org.springframework.context.annotation.AnnotationConfigApplicationContext@2042763e] and template loader path [classpath:/templates/]
2016-09-14 12:12:44.753  INFO 16801 --- [    Test worker] o.s.w.s.v.f.FreeMarkerConfigurer         : ClassTemplateLoader for Spring macros added to FreeMarker configuration
2016-09-14 12:12:45.231  INFO 16801 --- [    Test worker] s.w.s.m.m.a.RequestMappingHandlerAdapter : Looking for @ControllerAdvice: org.springframework.web.context.support.GenericWebApplicationContext@69a3146: startup date [Wed Sep 14 12:12:43 CEST 2016]; parent: org.springframework.context.annotation.AnnotationConfigApplicationContext@2042763e
2016-09-14 12:12:45.237  INFO 16801 --- [    Test worker] s.w.s.m.m.a.RequestMappingHandlerAdapter : Detected ResponseBodyAdvice bean in org.springframework.boot.actuate.autoconfigure.EndpointWebMvcHypermediaManagementContextConfiguration$ActuatorEndpointLinksAdvice
2016-09-14 12:12:45.320  INFO 16801 --- [    Test worker] s.w.s.m.m.a.RequestMappingHandlerMapping : Mapped "{[/hystrix/{path}]}" onto public java.lang.String org.springframework.cloud.netflix.hystrix.dashboard.HystrixDashboardController.monitor(java.lang.String,org.springframework.ui.Model,org.springframework.web.context.request.WebRequest)
2016-09-14 12:12:45.321  INFO 16801 --- [    Test worker] s.w.s.m.m.a.RequestMappingHandlerMapping : Mapped "{[/hystrix]}" onto public java.lang.String org.springframework.cloud.netflix.hystrix.dashboard.HystrixDashboardController.home(org.springframework.ui.Model,org.springframework.web.context.request.WebRequest)
2016-09-14 12:12:45.322  INFO 16801 --- [    Test worker] s.w.s.m.m.a.RequestMappingHandlerMapping : Mapped "{[/error],produces=[text/html]}" onto public org.springframework.web.servlet.ModelAndView org.springframework.boot.autoconfigure.web.BasicErrorController.errorHtml(javax.servlet.http.HttpServletRequest,javax.servlet.http.HttpServletResponse)
2016-09-14 12:12:45.323  INFO 16801 --- [    Test worker] s.w.s.m.m.a.RequestMappingHandlerMapping : Mapped "{[/error]}" onto public org.springframework.http.ResponseEntity<java.util.Map<java.lang.String, java.lang.Object>> org.springframework.boot.autoconfigure.web.BasicErrorController.error(javax.servlet.http.HttpServletRequest)
2016-09-14 12:12:45.348  INFO 16801 --- [    Test worker] o.s.w.s.handler.SimpleUrlHandlerMapping  : Mapped URL path [/webjars/**] onto handler of type [class org.springframework.web.servlet.resource.ResourceHttpRequestHandler]
2016-09-14 12:12:45.348  INFO 16801 --- [    Test worker] o.s.w.s.handler.SimpleUrlHandlerMapping  : Mapped URL path [/**] onto handler of type [class org.springframework.web.servlet.resource.ResourceHttpRequestHandler]
2016-09-14 12:12:45.362  INFO 16801 --- [    Test worker] .m.m.a.ExceptionHandlerExceptionResolver : Detected ResponseBodyAdvice implementation in org.springframework.boot.actuate.autoconfigure.EndpointWebMvcHypermediaManagementContextConfiguration$ActuatorEndpointLinksAdvice
2016-09-14 12:12:45.379  INFO 16801 --- [    Test worker] o.s.w.s.handler.SimpleUrlHandlerMapping  : Mapped URL path [/**/favicon.ico] onto handler of type [class org.springframework.web.servlet.resource.ResourceHttpRequestHandler]
2016-09-14 12:12:45.751  INFO 16801 --- [    Test worker] o.s.b.a.e.mvc.EndpointHandlerMapping     : Mapped "{[/refresh || /refresh.json],methods=[POST]}" onto public java.lang.Object org.springframework.cloud.endpoint.GenericPostableMvcEndpoint.invoke()
2016-09-14 12:12:45.752  INFO 16801 --- [    Test worker] o.s.b.a.e.mvc.EndpointHandlerMapping     : Mapped "{[/trace || /trace.json],methods=[GET],produces=[application/json]}" onto public java.lang.Object org.springframework.boot.actuate.endpoint.mvc.EndpointMvcAdapter.invoke()
2016-09-14 12:12:45.753  INFO 16801 --- [    Test worker] o.s.b.a.e.mvc.EndpointHandlerMapping     : Mapped "{[/actuator || /actuator.json],produces=[application/json]}" onto public org.springframework.hateoas.ResourceSupport org.springframework.boot.actuate.endpoint.mvc.HalJsonMvcEndpoint.links()
2016-09-14 12:12:45.754  INFO 16801 --- [    Test worker] o.s.b.a.e.mvc.EndpointHandlerMapping     : Mapped "{[/pause || /pause.json],methods=[POST]}" onto public java.lang.Object org.springframework.cloud.endpoint.GenericPostableMvcEndpoint.invoke()
2016-09-14 12:12:45.754  INFO 16801 --- [    Test worker] o.s.b.a.e.mvc.EndpointHandlerMapping     : Mapped "{[/dump || /dump.json],methods=[GET],produces=[application/json]}" onto public java.lang.Object org.springframework.boot.actuate.endpoint.mvc.EndpointMvcAdapter.invoke()
2016-09-14 12:12:45.755  INFO 16801 --- [    Test worker] o.s.b.a.e.mvc.EndpointHandlerMapping     : Mapped "{[/metrics/{name:.*}],methods=[GET],produces=[application/json]}" onto public java.lang.Object org.springframework.boot.actuate.endpoint.mvc.MetricsMvcEndpoint.value(java.lang.String)
2016-09-14 12:12:45.755  INFO 16801 --- [    Test worker] o.s.b.a.e.mvc.EndpointHandlerMapping     : Mapped "{[/metrics || /metrics.json],methods=[GET],produces=[application/json]}" onto public java.lang.Object org.springframework.boot.actuate.endpoint.mvc.EndpointMvcAdapter.invoke()
2016-09-14 12:12:45.755  INFO 16801 --- [    Test worker] o.s.b.a.e.mvc.EndpointHandlerMapping     : Mapped "{[/beans || /beans.json],methods=[GET],produces=[application/json]}" onto public java.lang.Object org.springframework.boot.actuate.endpoint.mvc.EndpointMvcAdapter.invoke()
2016-09-14 12:12:45.756  INFO 16801 --- [    Test worker] o.s.b.a.e.mvc.EndpointHandlerMapping     : Mapped "{[/mappings || /mappings.json],methods=[GET],produces=[application/json]}" onto public java.lang.Object org.springframework.boot.actuate.endpoint.mvc.EndpointMvcAdapter.invoke()
2016-09-14 12:12:45.756  INFO 16801 --- [    Test worker] o.s.b.a.e.mvc.EndpointHandlerMapping     : Mapped "{[/configprops || /configprops.json],methods=[GET],produces=[application/json]}" onto public java.lang.Object org.springframework.boot.actuate.endpoint.mvc.EndpointMvcAdapter.invoke()
2016-09-14 12:12:45.757  INFO 16801 --- [    Test worker] o.s.b.a.e.mvc.EndpointHandlerMapping     : Mapped "{[/autoconfig || /autoconfig.json],methods=[GET],produces=[application/json]}" onto public java.lang.Object org.springframework.boot.actuate.endpoint.mvc.EndpointMvcAdapter.invoke()
2016-09-14 12:12:45.758  INFO 16801 --- [    Test worker] o.s.b.a.e.mvc.EndpointHandlerMapping     : Mapped "{[/restart || /restart.json],methods=[POST]}" onto public java.lang.Object org.springframework.cloud.context.restart.RestartMvcEndpoint.invoke()
2016-09-14 12:12:45.760  INFO 16801 --- [    Test worker] o.s.b.a.e.mvc.EndpointHandlerMapping     : Mapped "{[/features || /features.json],methods=[GET],produces=[application/json]}" onto public java.lang.Object org.springframework.boot.actuate.endpoint.mvc.EndpointMvcAdapter.invoke()
2016-09-14 12:12:45.760  INFO 16801 --- [    Test worker] o.s.b.a.e.mvc.EndpointHandlerMapping     : Mapped "{[/info || /info.json],methods=[GET],produces=[application/json]}" onto public java.lang.Object org.springframework.boot.actuate.endpoint.mvc.EndpointMvcAdapter.invoke()
2016-09-14 12:12:45.762  INFO 16801 --- [    Test worker] o.s.b.a.e.mvc.EndpointHandlerMapping     : Mapped "{[/env],methods=[POST]}" onto public java.lang.Object org.springframework.cloud.context.environment.EnvironmentManagerMvcEndpoint.value(java.util.Map<java.lang.String, java.lang.String>)
2016-09-14 12:12:45.762  INFO 16801 --- [    Test worker] o.s.b.a.e.mvc.EndpointHandlerMapping     : Mapped "{[/env/reset],methods=[POST]}" onto public java.util.Map<java.lang.String, java.lang.Object> org.springframework.cloud.context.environment.EnvironmentManagerMvcEndpoint.reset()
2016-09-14 12:12:45.763  INFO 16801 --- [    Test worker] o.s.b.a.e.mvc.EndpointHandlerMapping     : Mapped "{[/health || /health.json],produces=[application/json]}" onto public java.lang.Object org.springframework.boot.actuate.endpoint.mvc.HealthMvcEndpoint.invoke(java.security.Principal)
2016-09-14 12:12:45.764  INFO 16801 --- [    Test worker] o.s.b.a.e.mvc.EndpointHandlerMapping     : Mapped "{[/env/{name:.*}],methods=[GET],produces=[application/json]}" onto public java.lang.Object org.springframework.boot.actuate.endpoint.mvc.EnvironmentMvcEndpoint.value(java.lang.String)
2016-09-14 12:12:45.764  INFO 16801 --- [    Test worker] o.s.b.a.e.mvc.EndpointHandlerMapping     : Mapped "{[/env || /env.json],methods=[GET],produces=[application/json]}" onto public java.lang.Object org.springframework.boot.actuate.endpoint.mvc.EndpointMvcAdapter.invoke()
2016-09-14 12:12:45.764  INFO 16801 --- [    Test worker] o.s.b.a.e.mvc.EndpointHandlerMapping     : Mapped "{[/heapdump || /heapdump.json],methods=[GET],produces=[application/octet-stream]}" onto public void org.springframework.boot.actuate.endpoint.mvc.HeapdumpMvcEndpoint.invoke(boolean,javax.servlet.http.HttpServletRequest,javax.servlet.http.HttpServletResponse) throws java.io.IOException,javax.servlet.ServletException
2016-09-14 12:12:45.765  INFO 16801 --- [    Test worker] o.s.b.a.e.mvc.EndpointHandlerMapping     : Mapped "{[/resume || /resume.json],methods=[POST]}" onto public java.lang.Object org.springframework.cloud.endpoint.GenericPostableMvcEndpoint.invoke()
2016-09-14 12:12:45.765  INFO 16801 --- [    Test worker] o.s.b.a.e.mvc.EndpointHandlerMapping     : Mapped "{[/archaius || /archaius.json],methods=[GET],produces=[application/json]}" onto public java.lang.Object org.springframework.boot.actuate.endpoint.mvc.EndpointMvcAdapter.invoke()
2016-09-14 12:12:45.890  WARN 16801 --- [    Test worker] c.n.c.sources.URLConfigurationSource     : No URLs will be polled as dynamic configuration sources.
2016-09-14 12:12:45.890  INFO 16801 --- [    Test worker] c.n.c.sources.URLConfigurationSource     : To enable URLs as dynamic configuration sources, define System property archaius.configurationSource.additionalUrls or make config.properties available on classpath.
2016-09-14 12:12:45.895  WARN 16801 --- [    Test worker] c.n.c.sources.URLConfigurationSource     : No URLs will be polled as dynamic configuration sources.
2016-09-14 12:12:45.895  INFO 16801 --- [    Test worker] c.n.c.sources.URLConfigurationSource     : To enable URLs as dynamic configuration sources, define System property archaius.configurationSource.additionalUrls or make config.properties available on classpath.
2016-09-14 12:12:46.068  INFO 16801 --- [    Test worker] o.s.c.support.DefaultLifecycleProcessor  : Starting beans in phase 0
2016-09-14 12:12:46.075  INFO 16801 --- [    Test worker] o.s.c.n.eureka.InstanceInfoFactory       : Setting initial instance status as: STARTING
2016-09-14 12:12:46.323  INFO 16801 --- [    Test worker] c.n.d.provider.DiscoveryJerseyProvider   : Using JSON encoding codec LegacyJacksonJson
2016-09-14 12:12:46.324  INFO 16801 --- [    Test worker] c.n.d.provider.DiscoveryJerseyProvider   : Using JSON decoding codec LegacyJacksonJson
2016-09-14 12:12:46.383  INFO 16801 --- [    Test worker] c.n.d.provider.DiscoveryJerseyProvider   : Using XML encoding codec XStreamXml
2016-09-14 12:12:46.383  INFO 16801 --- [    Test worker] c.n.d.provider.DiscoveryJerseyProvider   : Using XML decoding codec XStreamXml
2016-09-14 12:12:46.511  INFO 16801 --- [    Test worker] c.n.d.s.r.aws.ConfigClusterResolver      : Resolving eureka endpoints via configuration
2016-09-14 12:12:46.526  INFO 16801 --- [    Test worker] com.netflix.discovery.DiscoveryClient    : Disable delta property : false
2016-09-14 12:12:46.526  INFO 16801 --- [    Test worker] com.netflix.discovery.DiscoveryClient    : Single vip registry refresh property : null
2016-09-14 12:12:46.526  INFO 16801 --- [    Test worker] com.netflix.discovery.DiscoveryClient    : Force full registry fetch : false
2016-09-14 12:12:46.526  INFO 16801 --- [    Test worker] com.netflix.discovery.DiscoveryClient    : Application is null : false
2016-09-14 12:12:46.526  INFO 16801 --- [    Test worker] com.netflix.discovery.DiscoveryClient    : Registered Applications size is zero : true
2016-09-14 12:12:46.526  INFO 16801 --- [    Test worker] com.netflix.discovery.DiscoveryClient    : Application version is -1: true
2016-09-14 12:12:46.526  INFO 16801 --- [    Test worker] com.netflix.discovery.DiscoveryClient    : Getting all instance registry info from the eureka server
2016-09-14 12:12:46.627  INFO 16801 --- [    Test worker] com.netflix.discovery.DiscoveryClient    : The response status is 200
2016-09-14 12:12:46.629  INFO 16801 --- [    Test worker] com.netflix.discovery.DiscoveryClient    : Starting heartbeat executor: renew interval is: 30
2016-09-14 12:12:46.631  INFO 16801 --- [    Test worker] c.n.discovery.InstanceInfoReplicator     : InstanceInfoReplicator onDemand update allowed rate per min is 4
2016-09-14 12:12:46.632  INFO 16801 --- [    Test worker] com.netflix.discovery.DiscoveryClient    : Discovery Client initialized at timestamp 1473847966632 with initial instances count: 4
2016-09-14 12:12:46.654  INFO 16801 --- [    Test worker] c.n.e.EurekaDiscoveryClientConfiguration : Registering application hystrix-dashboard with eureka with status UP
2016-09-14 12:12:46.654  INFO 16801 --- [    Test worker] com.netflix.discovery.DiscoveryClient    : Saw local status change event StatusChangeEvent [timestamp=1473847966654, current=UP, previous=STARTING]
2016-09-14 12:12:46.657  INFO 16801 --- [nfoReplicator-0] com.netflix.discovery.DiscoveryClient    : DiscoveryClient_HYSTRIX-DASHBOARD/172.16.65.63:hystrix-dashboard:8810: registering service...
2016-09-14 12:12:46.674  INFO 16801 --- [    Test worker] c.i.r.l.HystrixDashboardApplicationTests : Started HystrixDashboardApplicationTests in 3.532 seconds (JVM running for 4.124)
2016-09-14 12:12:46.693  INFO 16801 --- [nfoReplicator-0] com.netflix.discovery.DiscoveryClient    : DiscoveryClient_HYSTRIX-DASHBOARD/172.16.65.63:hystrix-dashboard:8810 - registration status: 204
]]></system-out>
  <system-err><![CDATA[]]></system-err>
</testsuite>
